# JRE version: Java(TM) SE Runtime Environment (17.0.2+8) (build 17.0.2+8-LTS-86)
# Java VM: Java HotSpot(TM) 64-Bit Server VM (17.0.2+8-LTS-86, mixed mode, sharing, tiered, compressed oops, compressed class ptrs, g1 gc, bsd-aarch64)
GC Precious Log:
 CPUs: 8 total, 8 available
 Memory: 16384M
 Large Page Support: Disabled
 NUMA Support: Disabled
 Compressed Oops: Enabled (Zero based)
 Heap Region Size: 2M
 Heap Min Capacity: 8M
 Heap Initial Capacity: 256M
 Heap Max Capacity: 4G
 Pre-touch: Disabled
 Parallel Workers: 8
 Concurrent Workers: 2
 Concurrent Refinement Workers: 8
 Periodic GC: Disabled
Heap:
 garbage-first heap   total 161792K, used 122824K [0x0000000700000000, 0x0000000800000000)
  region size 2048K, 43 young (88064K), 2 survivors (4096K)
 Metaspace       used 29498K, committed 33728K, reserved 1081344K
  class space    used 6673K, committed 8128K, reserved 1048576K
GC Heap History (20 events):
Event: 0.174 GC heap before
{Heap before GC invocations=0 (full 0):
 garbage-first heap   total 266240K, used 24544K [0x0000000700000000, 0x0000000800000000)
  region size 2048K, 11 young (22528K), 0 survivors (0K)
 Metaspace       used 5644K, committed 5760K, reserved 1056768K
  class space    used 1200K, committed 1280K, reserved 1048576K
}
Event: 0.176 GC heap after
{Heap after GC invocations=1 (full 0):
 garbage-first heap   total 266240K, used 5741K [0x0000000700000000, 0x0000000800000000)
  region size 2048K, 2 young (4096K), 2 survivors (4096K)
 Metaspace       used 5644K, committed 5760K, reserved 1056768K
  class space    used 1200K, committed 1280K, reserved 1048576K
}
Event: 0.325 GC heap before
{Heap before GC invocations=1 (full 0):
 garbage-first heap   total 266240K, used 36461K [0x0000000700000000, 0x0000000800000000)
  region size 2048K, 17 young (34816K), 2 survivors (4096K)
 Metaspace       used 10676K, committed 10880K, reserved 1064960K
  class space    used 2352K, committed 2432K, reserved 1048576K
}
Event: 0.328 GC heap after
{Heap after GC invocations=2 (full 0):
 garbage-first heap   total 266240K, used 7577K [0x0000000700000000, 0x0000000800000000)
  region size 2048K, 1 young (2048K), 1 survivors (2048K)
 Metaspace       used 10676K, committed 10880K, reserved 1064960K
  class space    used 2352K, committed 2432K, reserved 1048576K
}
Event: 3.737 GC heap before
{Heap before GC invocations=2 (full 0):
 garbage-first heap   total 266240K, used 161177K [0x0000000700000000, 0x0000000800000000)
  region size 2048K, 76 young (155648K), 1 survivors (2048K)
 Metaspace       used 18078K, committed 19392K, reserved 1073152K
  class space    used 3717K, committed 4224K, reserved 1048576K
}
Event: 3.740 GC heap after
{Heap after GC invocations=3 (full 0):
 garbage-first heap   total 266240K, used 11057K [0x0000000700000000, 0x0000000800000000)
  region size 2048K, 3 young (6144K), 3 survivors (6144K)
 Metaspace       used 18078K, committed 19392K, reserved 1073152K
  class space    used 3717K, committed 4224K, reserved 1048576K
}
Event: 20.471 GC heap before
{Heap before GC invocations=3 (full 0):
 garbage-first heap   total 266240K, used 72497K [0x0000000700000000, 0x0000000800000000)
  region size 2048K, 34 young (69632K), 3 survivors (6144K)
 Metaspace       used 19718K, committed 21504K, reserved 1073152K
  class space    used 4118K, committed 4736K, reserved 1048576K
}
Event: 20.475 GC heap after
{Heap after GC invocations=4 (full 0):
 garbage-first heap   total 266240K, used 12344K [0x0000000700000000, 0x0000000800000000)
  region size 2048K, 4 young (8192K), 4 survivors (8192K)
 Metaspace       used 19718K, committed 21504K, reserved 1073152K
  class space    used 4118K, committed 4736K, reserved 1048576K
}
Event: 20.641 GC heap before
{Heap before GC invocations=5 (full 0):
 garbage-first heap   total 61440K, used 45112K [0x0000000700000000, 0x0000000800000000)
  region size 2048K, 21 young (43008K), 4 survivors (8192K)
 Metaspace       used 21750K, committed 23744K, reserved 1073152K
  class space    used 4648K, committed 5376K, reserved 1048576K
}
Event: 20.645 GC heap after
{Heap after GC invocations=6 (full 0):
 garbage-first heap   total 61440K, used 13426K [0x0000000700000000, 0x0000000800000000)
  region size 2048K, 4 young (8192K), 4 survivors (8192K)
 Metaspace       used 21750K, committed 23744K, reserved 1073152K
  class space    used 4648K, committed 5376K, reserved 1048576K
}
Event: 20.649 GC heap before
{Heap before GC invocations=6 (full 0):
 garbage-first heap   total 61440K, used 15474K [0x0000000700000000, 0x0000000800000000)
  region size 2048K, 5 young (10240K), 4 survivors (8192K)
 Metaspace       used 21784K, committed 23808K, reserved 1073152K
  class space    used 4654K, committed 5376K, reserved 1048576K
}
Event: 20.655 GC heap after
{Heap after GC invocations=7 (full 0):
 garbage-first heap   total 161792K, used 13770K [0x0000000700000000, 0x0000000800000000)
  region size 2048K, 1 young (2048K), 1 survivors (2048K)
 Metaspace       used 21784K, committed 23808K, reserved 1073152K
  class space    used 4654K, committed 5376K, reserved 1048576K
}
Event: 20.840 GC heap before
{Heap before GC invocations=7 (full 0):
 garbage-first heap   total 161792K, used 107978K [0x0000000700000000, 0x0000000800000000)
  region size 2048K, 47 young (96256K), 1 survivors (2048K)
 Metaspace       used 24109K, committed 26944K, reserved 1073152K
  class space    used 5330K, committed 6336K, reserved 1048576K
}
Event: 20.841 GC heap after
{Heap after GC invocations=8 (full 0):
 garbage-first heap   total 161792K, used 15278K [0x0000000700000000, 0x0000000800000000)
  region size 2048K, 2 young (4096K), 2 survivors (4096K)
 Metaspace       used 24109K, committed 26944K, reserved 1073152K
  class space    used 5330K, committed 6336K, reserved 1048576K
}
Event: 20.975 GC heap before
{Heap before GC invocations=8 (full 0):
 garbage-first heap   total 161792K, used 107438K [0x0000000700000000, 0x0000000800000000)
  region size 2048K, 47 young (96256K), 2 survivors (4096K)
 Metaspace       used 26032K, committed 29504K, reserved 1073152K
  class space    used 5815K, committed 7040K, reserved 1048576K
}
Event: 20.978 GC heap after
{Heap after GC invocations=9 (full 0):
 garbage-first heap   total 161792K, used 19739K [0x0000000700000000, 0x0000000800000000)
  region size 2048K, 4 young (8192K), 4 survivors (8192K)
 Metaspace       used 26032K, committed 29504K, reserved 1073152K
  class space    used 5815K, committed 7040K, reserved 1048576K
}
Event: 27.499 GC heap before
{Heap before GC invocations=9 (full 0):
 garbage-first heap   total 161792K, used 107803K [0x0000000700000000, 0x0000000800000000)
  region size 2048K, 47 young (96256K), 4 survivors (8192K)
 Metaspace       used 28513K, committed 32448K, reserved 1081344K
  class space    used 6485K, committed 7872K, reserved 1048576K
}
Event: 27.502 GC heap after
{Heap after GC invocations=10 (full 0):
 garbage-first heap   total 161792K, used 21997K [0x0000000700000000, 0x0000000800000000)
  region size 2048K, 4 young (8192K), 4 survivors (8192K)
 Metaspace       used 28513K, committed 32448K, reserved 1081344K
  class space    used 6485K, committed 7872K, reserved 1048576K
}
Event: 27.627 GC heap before
{Heap before GC invocations=10 (full 0):
 garbage-first heap   total 161792K, used 110061K [0x0000000700000000, 0x0000000800000000)
  region size 2048K, 47 young (96256K), 4 survivors (8192K)
 Metaspace       used 28648K, committed 32640K, reserved 1081344K
  class space    used 6487K, committed 7872K, reserved 1048576K
}
Event: 27.629 GC heap after
{Heap after GC invocations=11 (full 0):
 garbage-first heap   total 161792K, used 22472K [0x0000000700000000, 0x0000000800000000)
  region size 2048K, 2 young (4096K), 2 survivors (4096K)
 Metaspace       used 28648K, committed 32640K, reserved 1081344K
  class space    used 6487K, committed 7872K, reserved 1048576K
}

